<?xml version="1.0" encoding="UTF-8"?>
<!-- Generated by org.testng.reporters.JUnitXMLReporter -->
<testsuite ignored="0" hostname="DESKTOP-Q6QKMPN" failures="0" tests="3" name="Default test" time="15.467" errors="0" timestamp="2025-08-18T02:22:38 IST">
  <testcase classname="com.bank.testcase.LoginPageTest" name="validateloginpageTitle" time="0.024"/>
  <testcase classname="com.bank.testcase.LoginPageTest" name="validatemanloginbutton" time="0.726"/>
  <testcase classname="com.bank.testcase.LoginPageTest" name="validatedologin" time="1.0"/>
</testsuite> <!-- Default test -->
