<?xml version="1.0" encoding="UTF-8"?>
<!-- Generated by org.testng.reporters.JUnitXMLReporter -->
<testsuite ignored="0" hostname="DESKTOP-Q6QKMPN" failures="0" tests="3" name="Default test" time="17.785" errors="0" timestamp="2025-08-19T01:42:54 IST">
  <testcase classname="com.bank.testcase.LoginPageTest" name="validateloginpageTitle" time="0.04"/>
  <testcase classname="com.bank.testcase.LoginPageTest" name="validatemanloginbutton" time="0.914"/>
  <testcase classname="com.bank.testcase.LoginPageTest" name="validatedologin" time="0.99"/>
</testsuite> <!-- Default test -->
