<?xml version="1.0" encoding="UTF-8"?>
<!-- Generated by org.testng.reporters.JUnitXMLReporter -->
<testsuite ignored="0" hostname="DESKTOP-Q6QKMPN" failures="0" tests="18" name="Test" time="94.605" errors="0" timestamp="2025-08-13T02:09:29 IST">
  <testcase classname="com.bank.testcase.LoginPageTest" name="validateloginpageTitle" time="0.028"/>
  <testcase classname="com.bank.testcase.LoginPageTest" name="validatemanloginbutton" time="0.719"/>
  <testcase classname="com.bank.testcase.LoginPageTest" name="validatedologin" time="0.796"/>
  <testcase classname="com.bank.testcase.AddcustomerTest" name="vldfirstNameTest" time="0.341"/>
  <testcase classname="com.bank.testcase.AddcustomerTest" name="vldlastnameTest" time="0.336"/>
  <testcase classname="com.bank.testcase.AddcustomerTest" name="vldpincodeTest" time="0.336"/>
  <testcase classname="com.bank.testcase.AddcustomerTest" name="vldaddcustTest" time="10.716"/>
  <testcase classname="com.bank.testcase.customertest" name="deletebuttonuitest" time="0.404"/>
  <testcase classname="com.bank.testcase.customertest" name="deletecustomertes" time="0.417"/>
  <testcase classname="com.bank.testcase.ManagerhomepageTest" name="displayaddcustomertest" time="0.358"/>
  <testcase classname="com.bank.testcase.ManagerhomepageTest" name="displayopenaccounttest" time="0.429"/>
  <testcase classname="com.bank.testcase.ManagerhomepageTest" name="displaycustomertest" time="0.348"/>
  <testcase classname="com.bank.testcase.ManagerhomepageTest" name="vldclickAddcustbtn" time="0.399"/>
  <testcase classname="com.bank.testcase.ManagerhomepageTest" name="vldclickopnaccbtn" time="0.377"/>
  <testcase classname="com.bank.testcase.ManagerhomepageTest" name="vldclickcustbtn" time="0.395"/>
  <testcase classname="com.bank.testcase.opneaccountTest" name="getuserfeildtest" time="0.34"/>
  <testcase classname="com.bank.testcase.opneaccountTest" name="getcurrency" time="0.298"/>
  <testcase classname="com.bank.testcase.opneaccountTest" name="openaccounttest" time="0.91"/>
</testsuite> <!-- Test -->
