<?xml version="1.0" encoding="UTF-8"?>
<!-- Generated by org.testng.reporters.JUnitXMLReporter -->
<testsuite ignored="0" hostname="DESKTOP-Q6QKMPN" failures="0" tests="18" name="Test" time="103.574" errors="0" timestamp="2025-08-19T02:23:05 IST">
  <testcase classname="com.bank.testcase.AddcustomerTest" name="vldfirstNameTest" time="1.045"/>
  <testcase classname="com.bank.testcase.AddcustomerTest" name="vldlastnameTest" time="0.418"/>
  <testcase classname="com.bank.testcase.AddcustomerTest" name="vldpincodeTest" time="0.495"/>
  <testcase classname="com.bank.testcase.AddcustomerTest" name="vldaddcustTest" time="10.723"/>
  <testcase classname="com.bank.testcase.LoginPageTest" name="validateloginpageTitle" time="0.354"/>
  <testcase classname="com.bank.testcase.LoginPageTest" name="validatemanloginbutton" time="0.715"/>
  <testcase classname="com.bank.testcase.LoginPageTest" name="validatedologin" time="1.047"/>
  <testcase classname="com.bank.testcase.customertest" name="deletebuttonuitest" time="0.533"/>
  <testcase classname="com.bank.testcase.customertest" name="deletecustomertes" time="0.486"/>
  <testcase classname="com.bank.testcase.ManagerhomepageTest" name="displayaddcustomertest" time="0.391"/>
  <testcase classname="com.bank.testcase.ManagerhomepageTest" name="displayopenaccounttest" time="0.483"/>
  <testcase classname="com.bank.testcase.ManagerhomepageTest" name="displaycustomertest" time="0.54"/>
  <testcase classname="com.bank.testcase.ManagerhomepageTest" name="vldclickAddcustbtn" time="0.702"/>
  <testcase classname="com.bank.testcase.ManagerhomepageTest" name="vldclickopnaccbtn" time="0.521"/>
  <testcase classname="com.bank.testcase.ManagerhomepageTest" name="vldclickcustbtn" time="0.531"/>
  <testcase classname="com.bank.testcase.opneaccountTest" name="getuserfeildtest" time="0.414"/>
  <testcase classname="com.bank.testcase.opneaccountTest" name="getcurrency" time="0.469"/>
  <testcase classname="com.bank.testcase.opneaccountTest" name="openaccounttest" time="1.19"/>
</testsuite> <!-- Test -->
