<?xml version="1.0" encoding="UTF-8"?>
<testng-results ignored="0" total="3" passed="3" failed="0" skipped="0">
  <reporter-output>
  </reporter-output>
  <suite started-at="2025-08-18T02:22:23 IST" name="Default suite" finished-at="2025-08-18T02:22:38 IST" duration-ms="15467">
    <groups>
    </groups>
    <test started-at="2025-08-18T02:22:23 IST" name="Default test" finished-at="2025-08-18T02:22:38 IST" duration-ms="15467">
      <class name="com.bank.testcase.LoginPageTest">
        <test-method is-config="true" signature="setUp()[pri:0, instance:com.bank.testcase.LoginPageTest@2c1156a7]" started-at="2025-08-18T02:22:23 IST" name="setUp" finished-at="2025-08-18T02:22:30 IST" duration-ms="6843" status="PASS">
          <reporter-output>
          </reporter-output>
        </test-method> <!-- setUp -->
        <test-method signature="validateloginpageTitle()[pri:1, instance:com.bank.testcase.LoginPageTest@2c1156a7]" started-at="2025-08-18T02:22:30 IST" name="validateloginpageTitle" finished-at="2025-08-18T02:22:30 IST" duration-ms="24" status="PASS">
          <reporter-output>
          </reporter-output>
        </test-method> <!-- validateloginpageTitle -->
        <test-method is-config="true" signature="tearDown()[pri:0, instance:com.bank.testcase.LoginPageTest@2c1156a7]" started-at="2025-08-18T02:22:30 IST" name="tearDown" finished-at="2025-08-18T02:22:30 IST" duration-ms="409" status="PASS">
          <reporter-output>
          </reporter-output>
        </test-method> <!-- tearDown -->
        <test-method is-config="true" signature="setUp()[pri:0, instance:com.bank.testcase.LoginPageTest@2c1156a7]" started-at="2025-08-18T02:22:30 IST" name="setUp" finished-at="2025-08-18T02:22:33 IST" duration-ms="3324" status="PASS">
          <reporter-output>
          </reporter-output>
        </test-method> <!-- setUp -->
        <test-method signature="validatemanloginbutton()[pri:2, instance:com.bank.testcase.LoginPageTest@2c1156a7]" started-at="2025-08-18T02:22:33 IST" name="validatemanloginbutton" finished-at="2025-08-18T02:22:34 IST" duration-ms="726" status="PASS">
          <reporter-output>
          </reporter-output>
        </test-method> <!-- validatemanloginbutton -->
        <test-method is-config="true" signature="tearDown()[pri:0, instance:com.bank.testcase.LoginPageTest@2c1156a7]" started-at="2025-08-18T02:22:34 IST" name="tearDown" finished-at="2025-08-18T02:22:35 IST" duration-ms="440" status="PASS">
          <reporter-output>
          </reporter-output>
        </test-method> <!-- tearDown -->
        <test-method is-config="true" signature="setUp()[pri:0, instance:com.bank.testcase.LoginPageTest@2c1156a7]" started-at="2025-08-18T02:22:35 IST" name="setUp" finished-at="2025-08-18T02:22:37 IST" duration-ms="2245" status="PASS">
          <reporter-output>
          </reporter-output>
        </test-method> <!-- setUp -->
        <test-method signature="validatedologin()[pri:3, instance:com.bank.testcase.LoginPageTest@2c1156a7]" started-at="2025-08-18T02:22:37 IST" name="validatedologin" finished-at="2025-08-18T02:22:38 IST" duration-ms="1000" status="PASS">
          <reporter-output>
          </reporter-output>
        </test-method> <!-- validatedologin -->
        <test-method is-config="true" signature="tearDown()[pri:0, instance:com.bank.testcase.LoginPageTest@2c1156a7]" started-at="2025-08-18T02:22:38 IST" name="tearDown" finished-at="2025-08-18T02:22:38 IST" duration-ms="381" status="PASS">
          <reporter-output>
          </reporter-output>
        </test-method> <!-- tearDown -->
      </class> <!-- com.bank.testcase.LoginPageTest -->
    </test> <!-- Default test -->
  </suite> <!-- Default suite -->
</testng-results>
